    OpenRGB v0.9
    Commit:  from 
    Launched: 20241010_204450
====================================================================================================

0     |Info:    Found file: frost.orp attempting to validate header
0     |Info:    Valid v4 profile found for frost
1004  |Info:    ------------------------------------------------------
1004  |Info:    |               Start device detection               |
1004  |Info:    ------------------------------------------------------
1005  |Info:    Initializing HID interfaces: Success
1015  |Info:    ------------------------------------------------------
1015  |Info:    |             Detecting I2C interfaces               |
1015  |Info:    ------------------------------------------------------
1016  |Info:    Registering I2C interface: /dev/i2c-3 Device 10DE:2488 Subsystem: 196E:138A
1016  |Info:    Registering I2C interface: /dev/i2c-1 Device 10DE:2488 Subsystem: 196E:138A
1016  |Info:    Registering I2C interface: /dev/i2c-4 Device 10DE:2488 Subsystem: 196E:138A
1016  |Info:    Registering I2C interface: /dev/i2c-2 Device 10DE:2488 Subsystem: 196E:138A
1016  |Info:    Registering I2C interface: /dev/i2c-0 Device 8086:A323 Subsystem: 1458:5001
1016  |Info:    Registering I2C interface: /dev/i2c-5 Device 10DE:2488 Subsystem: 196E:138A
1016  |Info:    ------------------------------------------------------
1016  |Info:    |               Detecting I2C devices                |
1016  |Info:    ------------------------------------------------------
1248  |Info:    [ENE DRAM] Registering RGB controller
1431  |Info:    [ENE DRAM] Registering RGB controller
1738  |Info:    ------------------------------------------------------
1738  |Info:    |               Detecting I2C PCI devices            |
1739  |Info:    ------------------------------------------------------
1739  |Info:    [PNY XLR8 Revel EPIC-X RTX 3070 LHR] Registering RGB controller
1743  |Info:    ------------------------------------------------------
1743  |Info:    |               Detecting HID devices                |
1743  |Info:    ------------------------------------------------------
1759  |Info:    [KLM] Created new Full 104 key ANSI QWERTY with 6 rows and 21 columns containing 104 keys
1759  |Info:    [Razer Huntsman Elite] Registering RGB controller
1922  |Info:    [Z390 AORUS ULTRA-CF] Registering RGB controller
2142  |Info:    [Razer Basilisk V3 Pro (Wireless)] Registering RGB controller
2142  |Info:    ------------------------------------------------------
2142  |Info:    |            Detecting libusb HID devices            |
2142  |Info:    ------------------------------------------------------
2183  |Info:    [HyperX Quadcast S] Registering RGB controller
2183  |Info:    ------------------------------------------------------
2183  |Info:    |              Detecting other devices               |
2183  |Info:    ------------------------------------------------------
2192  |Info:    ------------------------------------------------------
2192  |Info:    |                Detection completed                 |
2192  |Info:    ------------------------------------------------------
3527  |Info:    Profile loading: FAILED! for ENE DRAM @ I2C: /dev/i2c-0, address 0x71
3527  |Info:    Profile loading: FAILED! for ENE DRAM @ I2C: /dev/i2c-0, address 0x73
3527  |Info:    Profile loading: FAILED! for PNY XLR8 Revel EPIC-X RTX 3070 LHR @ I2C: /dev/i2c-1, address 0x49
3527  |Info:    Profile loading: Succeeded for Razer Huntsman Elite @ HID: /dev/hidraw6
3527  |Info:    Profile loading: Succeeded for Z390 AORUS ULTRA-CF @ HID: /dev/hidraw3
3527  |Info:    Profile loading: FAILED! for Razer Basilisk V3 Pro (Wireless) @ HID: /dev/hidraw0
3527  |Info:    Profile loading: Succeeded for HyperX Quadcast S @ 1-11.3.4:1.0
6552  |Info:    Profile loading: FAILED! for ENE DRAM @ I2C: /dev/i2c-0, address 0x71
6552  |Info:    Profile loading: FAILED! for ENE DRAM @ I2C: /dev/i2c-0, address 0x73
6552  |Info:    Profile loading: FAILED! for PNY XLR8 Revel EPIC-X RTX 3070 LHR @ I2C: /dev/i2c-1, address 0x49
6552  |Info:    Profile loading: Succeeded for Razer Huntsman Elite @ HID: /dev/hidraw6
6552  |Info:    Profile loading: Succeeded for Z390 AORUS ULTRA-CF @ HID: /dev/hidraw3
6552  |Info:    Profile loading: FAILED! for Razer Basilisk V3 Pro (Wireless) @ HID: /dev/hidraw0
6552  |Info:    Profile loading: Succeeded for HyperX Quadcast S @ 1-11.3.4:1.0
6806  |Info:    Profile loading: FAILED! for ENE DRAM @ I2C: /dev/i2c-0, address 0x71
6806  |Info:    Profile loading: FAILED! for ENE DRAM @ I2C: /dev/i2c-0, address 0x73
6806  |Info:    Profile loading: FAILED! for PNY XLR8 Revel EPIC-X RTX 3070 LHR @ I2C: /dev/i2c-1, address 0x49
6806  |Info:    Profile loading: Succeeded for Razer Huntsman Elite @ HID: /dev/hidraw6
6806  |Info:    Profile loading: Succeeded for Z390 AORUS ULTRA-CF @ HID: /dev/hidraw3
6806  |Info:    Profile loading: FAILED! for Razer Basilisk V3 Pro (Wireless) @ HID: /dev/hidraw0
6806  |Info:    Profile loading: Succeeded for HyperX Quadcast S @ 1-11.3.4:1.0
