    OpenRGB v0.9
    Commit:  from 
    Launched: 20241014_152726
====================================================================================================

0     |Info:    Found file: frost.orp attempting to validate header
0     |Info:    Valid v4 profile found for frost
1003  |Info:    ------------------------------------------------------
1003  |Info:    |               Start device detection               |
1003  |Info:    ------------------------------------------------------
1003  |Info:    Initializing HID interfaces: Success
1013  |Info:    ------------------------------------------------------
1013  |Info:    |             Detecting I2C interfaces               |
1013  |Info:    ------------------------------------------------------
1013  |Info:    Registering I2C interface: /dev/i2c-3 Device 10DE:2488 Subsystem: 196E:138A
1013  |Info:    Registering I2C interface: /dev/i2c-1 Device 10DE:2488 Subsystem: 196E:138A
1013  |Info:    Registering I2C interface: /dev/i2c-4 Device 10DE:2488 Subsystem: 196E:138A
1013  |Info:    Registering I2C interface: /dev/i2c-2 Device 10DE:2488 Subsystem: 196E:138A
1014  |Info:    Registering I2C interface: /dev/i2c-0 Device 8086:A323 Subsystem: 1458:5001
1014  |Info:    Registering I2C interface: /dev/i2c-5 Device 10DE:2488 Subsystem: 196E:138A
1014  |Info:    ------------------------------------------------------
1014  |Info:    |               Detecting I2C devices                |
1014  |Info:    ------------------------------------------------------
1242  |Info:    [ENE DRAM] Registering RGB controller
1416  |Info:    [ENE DRAM] Registering RGB controller
1723  |Info:    ------------------------------------------------------
1723  |Info:    |               Detecting I2C PCI devices            |
1723  |Info:    ------------------------------------------------------
1723  |Info:    [PNY XLR8 Revel EPIC-X RTX 3070 LHR] Registering RGB controller
1725  |Info:    ------------------------------------------------------
1725  |Info:    |               Detecting HID devices                |
1725  |Info:    ------------------------------------------------------
1742  |Info:    [KLM] Created new Full 104 key ANSI QWERTY with 6 rows and 21 columns containing 104 keys
1742  |Info:    [Razer Huntsman Elite] Registering RGB controller
1905  |Info:    [Z390 AORUS ULTRA-CF] Registering RGB controller
2124  |Info:    [Razer Basilisk V3 Pro (Wireless)] Registering RGB controller
2124  |Info:    ------------------------------------------------------
2124  |Info:    |            Detecting libusb HID devices            |
2124  |Info:    ------------------------------------------------------
2158  |Info:    [HyperX Quadcast S] Registering RGB controller
2158  |Info:    ------------------------------------------------------
2158  |Info:    |              Detecting other devices               |
2158  |Info:    ------------------------------------------------------
2166  |Info:    ------------------------------------------------------
2166  |Info:    |                Detection completed                 |
2166  |Info:    ------------------------------------------------------
5848  |Info:    Profile loading: FAILED! for ENE DRAM @ I2C: /dev/i2c-0, address 0x71
5848  |Info:    Profile loading: FAILED! for ENE DRAM @ I2C: /dev/i2c-0, address 0x73
5848  |Info:    Profile loading: FAILED! for PNY XLR8 Revel EPIC-X RTX 3070 LHR @ I2C: /dev/i2c-1, address 0x49
5848  |Info:    Profile loading: Succeeded for Razer Huntsman Elite @ HID: /dev/hidraw6
5848  |Info:    Profile loading: Succeeded for Z390 AORUS ULTRA-CF @ HID: /dev/hidraw3
5848  |Info:    Profile loading: FAILED! for Razer Basilisk V3 Pro (Wireless) @ HID: /dev/hidraw0
5848  |Info:    Profile loading: Succeeded for HyperX Quadcast S @ 1-11.3.4:1.0
12809 |Info:    Found file: frost.orp attempting to validate header
12809 |Info:    Valid v4 profile found for frost
15300 |Info:    Found file: frost.orp attempting to validate header
15300 |Info:    Valid v4 profile found for frost
15460 |Info:    Found file: frost.orp attempting to validate header
15460 |Info:    Valid v4 profile found for frost
16854 |Info:    Profile loading: Succeeded for ENE DRAM @ I2C: /dev/i2c-0, address 0x71
16855 |Info:    Profile loading: Succeeded for ENE DRAM @ I2C: /dev/i2c-0, address 0x73
16855 |Info:    Profile loading: Succeeded for PNY XLR8 Revel EPIC-X RTX 3070 LHR @ I2C: /dev/i2c-1, address 0x49
16855 |Info:    Profile loading: Succeeded for Razer Huntsman Elite @ HID: /dev/hidraw6
16855 |Info:    Profile loading: Succeeded for Z390 AORUS ULTRA-CF @ HID: /dev/hidraw3
16855 |Info:    Profile loading: Succeeded for Razer Basilisk V3 Pro (Wireless) @ HID: /dev/hidraw0
16855 |Info:    Profile loading: Succeeded for HyperX Quadcast S @ 1-11.3.4:1.0
19723 |Info:    Profile loading: Succeeded for ENE DRAM @ I2C: /dev/i2c-0, address 0x71
19723 |Info:    Profile loading: Succeeded for ENE DRAM @ I2C: /dev/i2c-0, address 0x73
19723 |Info:    Profile loading: Succeeded for PNY XLR8 Revel EPIC-X RTX 3070 LHR @ I2C: /dev/i2c-1, address 0x49
19723 |Info:    Profile loading: Succeeded for Razer Huntsman Elite @ HID: /dev/hidraw6
19723 |Info:    Profile loading: Succeeded for Z390 AORUS ULTRA-CF @ HID: /dev/hidraw3
19723 |Info:    Profile loading: Succeeded for Razer Basilisk V3 Pro (Wireless) @ HID: /dev/hidraw0
19723 |Info:    Profile loading: Succeeded for HyperX Quadcast S @ 1-11.3.4:1.0
19980 |Info:    Profile loading: Succeeded for ENE DRAM @ I2C: /dev/i2c-0, address 0x71
19980 |Info:    Profile loading: Succeeded for ENE DRAM @ I2C: /dev/i2c-0, address 0x73
19980 |Info:    Profile loading: Succeeded for PNY XLR8 Revel EPIC-X RTX 3070 LHR @ I2C: /dev/i2c-1, address 0x49
19980 |Info:    Profile loading: Succeeded for Razer Huntsman Elite @ HID: /dev/hidraw6
19980 |Info:    Profile loading: Succeeded for Z390 AORUS ULTRA-CF @ HID: /dev/hidraw3
19980 |Info:    Profile loading: Succeeded for Razer Basilisk V3 Pro (Wireless) @ HID: /dev/hidraw0
19980 |Info:    Profile loading: Succeeded for HyperX Quadcast S @ 1-11.3.4:1.0
