    OpenRGB v0.9
    Commit:  from 
    Launched: 20241010_204504
====================================================================================================

0     |Info:    Found file: frost.orp attempting to validate header
0     |Info:    Valid v4 profile found for frost
1003  |Info:    ------------------------------------------------------
1003  |Info:    |               Start device detection               |
1003  |Info:    ------------------------------------------------------
1004  |Info:    Initializing HID interfaces: Success
1013  |Info:    ------------------------------------------------------
1013  |Info:    |             Detecting I2C interfaces               |
1013  |Info:    ------------------------------------------------------
1013  |Info:    Registering I2C interface: /dev/i2c-3 Device 10DE:2488 Subsystem: 196E:138A
1013  |Info:    Registering I2C interface: /dev/i2c-1 Device 10DE:2488 Subsystem: 196E:138A
1013  |Info:    Registering I2C interface: /dev/i2c-4 Device 10DE:2488 Subsystem: 196E:138A
1014  |Info:    Registering I2C interface: /dev/i2c-2 Device 10DE:2488 Subsystem: 196E:138A
1014  |Info:    Registering I2C interface: /dev/i2c-0 Device 8086:A323 Subsystem: 1458:5001
1014  |Info:    Registering I2C interface: /dev/i2c-5 Device 10DE:2488 Subsystem: 196E:138A
1014  |Info:    ------------------------------------------------------
1014  |Info:    |               Detecting I2C devices                |
1014  |Info:    ------------------------------------------------------
1192  |Info:    [ENE DRAM] Registering RGB controller
1370  |Info:    [ENE DRAM] Registering RGB controller
1673  |Info:    ------------------------------------------------------
1673  |Info:    |               Detecting I2C PCI devices            |
1673  |Info:    ------------------------------------------------------
1674  |Info:    [PNY XLR8 Revel EPIC-X RTX 3070 LHR] Registering RGB controller
1677  |Info:    ------------------------------------------------------
1677  |Info:    |               Detecting HID devices                |
1677  |Info:    ------------------------------------------------------
1695  |Info:    [KLM] Created new Full 104 key ANSI QWERTY with 6 rows and 21 columns containing 104 keys
1695  |Info:    [Razer Huntsman Elite] Registering RGB controller
1855  |Info:    [Z390 AORUS ULTRA-CF] Registering RGB controller
2074  |Info:    [Razer Basilisk V3 Pro (Wireless)] Registering RGB controller
2074  |Info:    ------------------------------------------------------
2074  |Info:    |            Detecting libusb HID devices            |
2074  |Info:    ------------------------------------------------------
2115  |Info:    [HyperX Quadcast S] Registering RGB controller
2115  |Info:    ------------------------------------------------------
2115  |Info:    |              Detecting other devices               |
2115  |Info:    ------------------------------------------------------
2124  |Info:    ------------------------------------------------------
2124  |Info:    |                Detection completed                 |
2124  |Info:    ------------------------------------------------------
4302  |Info:    Profile loading: FAILED! for ENE DRAM @ I2C: /dev/i2c-0, address 0x71
4302  |Info:    Profile loading: FAILED! for ENE DRAM @ I2C: /dev/i2c-0, address 0x73
4302  |Info:    Profile loading: FAILED! for PNY XLR8 Revel EPIC-X RTX 3070 LHR @ I2C: /dev/i2c-1, address 0x49
4302  |Info:    Profile loading: Succeeded for Razer Huntsman Elite @ HID: /dev/hidraw6
4302  |Info:    Profile loading: Succeeded for Z390 AORUS ULTRA-CF @ HID: /dev/hidraw3
4302  |Info:    Profile loading: Succeeded for Razer Basilisk V3 Pro (Wireless) @ HID: /dev/hidraw0
4302  |Info:    Profile loading: Succeeded for HyperX Quadcast S @ 1-11.3.4:1.0
11129 |Info:    Profile loading: FAILED! for ENE DRAM @ I2C: /dev/i2c-0, address 0x71
11129 |Info:    Profile loading: FAILED! for ENE DRAM @ I2C: /dev/i2c-0, address 0x73
11129 |Info:    Profile loading: FAILED! for PNY XLR8 Revel EPIC-X RTX 3070 LHR @ I2C: /dev/i2c-1, address 0x49
11129 |Info:    Profile loading: Succeeded for Razer Huntsman Elite @ HID: /dev/hidraw6
11129 |Info:    Profile loading: Succeeded for Z390 AORUS ULTRA-CF @ HID: /dev/hidraw3
11129 |Info:    Profile loading: Succeeded for Razer Basilisk V3 Pro (Wireless) @ HID: /dev/hidraw0
11129 |Info:    Profile loading: Succeeded for HyperX Quadcast S @ 1-11.3.4:1.0
11385 |Info:    Profile loading: FAILED! for ENE DRAM @ I2C: /dev/i2c-0, address 0x71
11385 |Info:    Profile loading: FAILED! for ENE DRAM @ I2C: /dev/i2c-0, address 0x73
11385 |Info:    Profile loading: FAILED! for PNY XLR8 Revel EPIC-X RTX 3070 LHR @ I2C: /dev/i2c-1, address 0x49
11385 |Info:    Profile loading: Succeeded for Razer Huntsman Elite @ HID: /dev/hidraw6
11385 |Info:    Profile loading: Succeeded for Z390 AORUS ULTRA-CF @ HID: /dev/hidraw3
11385 |Info:    Profile loading: Succeeded for Razer Basilisk V3 Pro (Wireless) @ HID: /dev/hidraw0
11385 |Info:    Profile loading: Succeeded for HyperX Quadcast S @ 1-11.3.4:1.0
